Determining if the pthread_create exist failed with the following output:
Change Dir: /home/caleb/Projects/openmm/platforms/emu/emu_openmm/x86_64-unknown-linux-gnu/release/build/shaderc-sys-5e4ba0dc4915a931/out/build/CMakeFiles/CMakeTmp

Run Build Command:"/usr/bin/make" "cmTC_c2fcc/fast"
make[3]: Entering directory '/home/caleb/Projects/openmm/platforms/emu/emu_openmm/x86_64-unknown-linux-gnu/release/build/shaderc-sys-5e4ba0dc4915a931/out/build/CMakeFiles/CMakeTmp'
/usr/bin/make -f CMakeFiles/cmTC_c2fcc.dir/build.make CMakeFiles/cmTC_c2fcc.dir/build
make[4]: Entering directory '/home/caleb/Projects/openmm/platforms/emu/emu_openmm/x86_64-unknown-linux-gnu/release/build/shaderc-sys-5e4ba0dc4915a931/out/build/CMakeFiles/CMakeTmp'
Building C object CMakeFiles/cmTC_c2fcc.dir/CheckSymbolExists.c.o
/usr/bin/cc   -ffunction-sections -fdata-sections -fPIC -m64  -fPIE   -o CMakeFiles/cmTC_c2fcc.dir/CheckSymbolExists.c.o   -c /home/caleb/Projects/openmm/platforms/emu/emu_openmm/x86_64-unknown-linux-gnu/release/build/shaderc-sys-5e4ba0dc4915a931/out/build/CMakeFiles/CMakeTmp/CheckSymbolExists.c
Linking C executable cmTC_c2fcc
/usr/bin/cmake -E cmake_link_script CMakeFiles/cmTC_c2fcc.dir/link.txt --verbose=1
/usr/bin/cc  -ffunction-sections -fdata-sections -fPIC -m64     -rdynamic CMakeFiles/cmTC_c2fcc.dir/CheckSymbolExists.c.o  -o cmTC_c2fcc 
CMakeFiles/cmTC_c2fcc.dir/CheckSymbolExists.c.o: In function `main':
CheckSymbolExists.c:(.text.main+0x1b): undefined reference to `pthread_create'
collect2: error: ld returned 1 exit status
CMakeFiles/cmTC_c2fcc.dir/build.make:97: recipe for target 'cmTC_c2fcc' failed
make[4]: *** [cmTC_c2fcc] Error 1
make[4]: Leaving directory '/home/caleb/Projects/openmm/platforms/emu/emu_openmm/x86_64-unknown-linux-gnu/release/build/shaderc-sys-5e4ba0dc4915a931/out/build/CMakeFiles/CMakeTmp'
Makefile:126: recipe for target 'cmTC_c2fcc/fast' failed
make[3]: *** [cmTC_c2fcc/fast] Error 2
make[3]: Leaving directory '/home/caleb/Projects/openmm/platforms/emu/emu_openmm/x86_64-unknown-linux-gnu/release/build/shaderc-sys-5e4ba0dc4915a931/out/build/CMakeFiles/CMakeTmp'

File /home/caleb/Projects/openmm/platforms/emu/emu_openmm/x86_64-unknown-linux-gnu/release/build/shaderc-sys-5e4ba0dc4915a931/out/build/CMakeFiles/CMakeTmp/CheckSymbolExists.c:
/* */
#include <pthread.h>

int main(int argc, char** argv)
{
  (void)argv;
#ifndef pthread_create
  return ((int*)(&pthread_create))[argc];
#else
  (void)argc;
  return 0;
#endif
}

Performing C++ SOURCE FILE Test COMPILER_SUPPORTS_EXTRA_SEMI_WARNING failed with the following output:
Change Dir: /home/caleb/Projects/openmm/platforms/emu/emu_openmm/x86_64-unknown-linux-gnu/release/build/shaderc-sys-5e4ba0dc4915a931/out/build/CMakeFiles/CMakeTmp

Run Build Command:"/usr/bin/make" "cmTC_7deb3/fast"
make[3]: Entering directory '/home/caleb/Projects/openmm/platforms/emu/emu_openmm/x86_64-unknown-linux-gnu/release/build/shaderc-sys-5e4ba0dc4915a931/out/build/CMakeFiles/CMakeTmp'
/usr/bin/make -f CMakeFiles/cmTC_7deb3.dir/build.make CMakeFiles/cmTC_7deb3.dir/build
make[4]: Entering directory '/home/caleb/Projects/openmm/platforms/emu/emu_openmm/x86_64-unknown-linux-gnu/release/build/shaderc-sys-5e4ba0dc4915a931/out/build/CMakeFiles/CMakeTmp'
Building CXX object CMakeFiles/cmTC_7deb3.dir/src.cxx.o
/usr/bin/c++    -ffunction-sections -fdata-sections -fPIC -m64 -Wimplicit-fallthrough -DCOMPILER_SUPPORTS_EXTRA_SEMI_WARNING -fPIE   -Wextra-semi -o CMakeFiles/cmTC_7deb3.dir/src.cxx.o -c /home/caleb/Projects/openmm/platforms/emu/emu_openmm/x86_64-unknown-linux-gnu/release/build/shaderc-sys-5e4ba0dc4915a931/out/build/CMakeFiles/CMakeTmp/src.cxx
c++: error: unrecognized command line option '-Wextra-semi'; did you mean '-Wextra'?
CMakeFiles/cmTC_7deb3.dir/build.make:65: recipe for target 'CMakeFiles/cmTC_7deb3.dir/src.cxx.o' failed
make[4]: *** [CMakeFiles/cmTC_7deb3.dir/src.cxx.o] Error 1
make[4]: Leaving directory '/home/caleb/Projects/openmm/platforms/emu/emu_openmm/x86_64-unknown-linux-gnu/release/build/shaderc-sys-5e4ba0dc4915a931/out/build/CMakeFiles/CMakeTmp'
Makefile:126: recipe for target 'cmTC_7deb3/fast' failed
make[3]: *** [cmTC_7deb3/fast] Error 2
make[3]: Leaving directory '/home/caleb/Projects/openmm/platforms/emu/emu_openmm/x86_64-unknown-linux-gnu/release/build/shaderc-sys-5e4ba0dc4915a931/out/build/CMakeFiles/CMakeTmp'

Source file was:
int main() { return 0; }
